0 info it worked if it ends with ok
1 verbose cli [ '/usr/local/bin/node',
1 verbose cli   '/usr/local/lib/node_modules/npm/bin/npm-cli.js',
1 verbose cli   'run-script',
1 verbose cli   'typings' ]
2 info using npm@3.10.3
3 info using node@v6.2.2
4 verbose run-script [ 'pretypings', 'typings', 'posttypings' ]
5 info lifecycle angular2-demo@1.0.0~pretypings: angular2-demo@1.0.0
6 silly lifecycle angular2-demo@1.0.0~pretypings: no script for pretypings, continuing
7 info lifecycle angular2-demo@1.0.0~typings: angular2-demo@1.0.0
8 verbose lifecycle angular2-demo@1.0.0~typings: unsafe-perm in lifecycle true
9 verbose lifecycle angular2-demo@1.0.0~typings: PATH: /usr/local/lib/node_modules/npm/bin/node-gyp-bin:/Users/heathstein/Documents/workspace/heathstein.github.io/node_modules/.bin:/usr/local/bin:/usr/local/bin:/usr/bin:/bin:/usr/sbin:/sbin
10 verbose lifecycle angular2-demo@1.0.0~typings: CWD: /Users/heathstein/Documents/workspace/heathstein.github.io
11 silly lifecycle angular2-demo@1.0.0~typings: Args: [ '-c', 'typings' ]
12 silly lifecycle angular2-demo@1.0.0~typings: Returned: code: 1  signal: null
13 info lifecycle angular2-demo@1.0.0~typings: Failed to exec typings script
14 verbose stack Error: angular2-demo@1.0.0 typings: `typings`
14 verbose stack Exit status 1
14 verbose stack     at EventEmitter.<anonymous> (/usr/local/lib/node_modules/npm/lib/utils/lifecycle.js:242:16)
14 verbose stack     at emitTwo (events.js:106:13)
14 verbose stack     at EventEmitter.emit (events.js:191:7)
14 verbose stack     at ChildProcess.<anonymous> (/usr/local/lib/node_modules/npm/lib/utils/spawn.js:40:14)
14 verbose stack     at emitTwo (events.js:106:13)
14 verbose stack     at ChildProcess.emit (events.js:191:7)
14 verbose stack     at maybeClose (internal/child_process.js:852:16)
14 verbose stack     at Process.ChildProcess._handle.onexit (internal/child_process.js:215:5)
15 verbose pkgid angular2-demo@1.0.0
16 verbose cwd /Users/heathstein/Documents/workspace/heathstein.github.io
17 error Darwin 14.0.0
18 error argv "/usr/local/bin/node" "/usr/local/lib/node_modules/npm/bin/npm-cli.js" "run-script" "typings"
19 error node v6.2.2
20 error npm  v3.10.3
21 error code ELIFECYCLE
22 error angular2-demo@1.0.0 typings: `typings`
22 error Exit status 1
23 error Failed at the angular2-demo@1.0.0 typings script 'typings'.
23 error Make sure you have the latest version of node.js and npm installed.
23 error If you do, this is most likely a problem with the angular2-demo package,
23 error not with npm itself.
23 error Tell the author that this fails on your system:
23 error     typings
23 error You can get information on how to open an issue for this project with:
23 error     npm bugs angular2-demo
23 error Or if that isn't available, you can get their info via:
23 error     npm owner ls angular2-demo
23 error There is likely additional logging output above.
24 verbose exit [ 1, true ]
